<?xml version="1.0" encoding="UTF-8"?>
<testsuite xmlns:xsi="http://www.w3.org/2001/XMLSchema-instance" xsi:noNamespaceSchemaLocation="https://maven.apache.org/surefire/maven-surefire-plugin/xsd/surefire-test-report-3.0.xsd" version="3.0" name="TestSuite" time="7.481" tests="17" errors="0" skipped="0" failures="1">
  <properties>
    <property name="java.specification.version" value="21"/>
    <property name="sun.cpu.isalist" value="amd64"/>
    <property name="sun.jnu.encoding" value="Cp1252"/>
    <property name="java.class.path" value="C:\Users\7119\ETLWorkspace\RESTAPIPOC\target\test-classes;C:\Users\7119\ETLWorkspace\RESTAPIPOC\target\classes;C:\Users\7119\.m2\repository\junit\junit\3.8.1\junit-3.8.1.jar;C:\Users\7119\.m2\repository\io\rest-assured\rest-assured\5.5.5\rest-assured-5.5.5.jar;C:\Users\7119\.m2\repository\org\apache\groovy\groovy\4.0.22\groovy-4.0.22.jar;C:\Users\7119\.m2\repository\org\apache\groovy\groovy-xml\4.0.22\groovy-xml-4.0.22.jar;C:\Users\7119\.m2\repository\org\apache\httpcomponents\httpclient\4.5.13\httpclient-4.5.13.jar;C:\Users\7119\.m2\repository\org\apache\httpcomponents\httpcore\4.4.13\httpcore-4.4.13.jar;C:\Users\7119\.m2\repository\commons-logging\commons-logging\1.2\commons-logging-1.2.jar;C:\Users\7119\.m2\repository\commons-codec\commons-codec\1.11\commons-codec-1.11.jar;C:\Users\7119\.m2\repository\org\apache\httpcomponents\httpmime\4.5.13\httpmime-4.5.13.jar;C:\Users\7119\.m2\repository\org\hamcrest\hamcrest\2.2\hamcrest-2.2.jar;C:\Users\7119\.m2\repository\org\ccil\cowan\tagsoup\tagsoup\1.2.1\tagsoup-1.2.1.jar;C:\Users\7119\.m2\repository\io\rest-assured\json-path\5.5.5\json-path-5.5.5.jar;C:\Users\7119\.m2\repository\org\apache\groovy\groovy-json\4.0.22\groovy-json-4.0.22.jar;C:\Users\7119\.m2\repository\io\rest-assured\rest-assured-common\5.5.5\rest-assured-common-5.5.5.jar;C:\Users\7119\.m2\repository\io\rest-assured\xml-path\5.5.5\xml-path-5.5.5.jar;C:\Users\7119\.m2\repository\org\apache\commons\commons-lang3\3.16.0\commons-lang3-3.16.0.jar;C:\Users\7119\.m2\repository\com\aventstack\extentreports\5.1.1\extentreports-5.1.1.jar;C:\Users\7119\.m2\repository\io\reactivex\rxjava3\rxjava\3.1.6\rxjava-3.1.6.jar;C:\Users\7119\.m2\repository\org\reactivestreams\reactive-streams\1.0.4\reactive-streams-1.0.4.jar;C:\Users\7119\.m2\repository\org\freemarker\freemarker\2.3.32\freemarker-2.3.32.jar;C:\Users\7119\.m2\repository\org\projectlombok\lombok\1.18.26\lombok-1.18.26.jar;C:\Users\7119\.m2\repository\com\google\code\gson\gson\2.10.1\gson-2.10.1.jar;C:\Users\7119\.m2\repository\org\testng\testng\7.9.0\testng-7.9.0.jar;C:\Users\7119\.m2\repository\org\slf4j\slf4j-api\1.7.36\slf4j-api-1.7.36.jar;C:\Users\7119\.m2\repository\com\beust\jcommander\1.82\jcommander-1.82.jar;C:\Users\7119\.m2\repository\org\webjars\jquery\3.7.1\jquery-3.7.1.jar;C:\Users\7119\.m2\repository\org\json\json\20231013\json-20231013.jar;"/>
    <property name="java.vm.vendor" value="Eclipse Adoptium"/>
    <property name="sun.arch.data.model" value="64"/>
    <property name="user.variant" value=""/>
    <property name="java.vendor.url" value="https://adoptium.net/"/>
    <property name="user.timezone" value="Asia/Calcutta"/>
    <property name="os.name" value="Windows 11"/>
    <property name="java.vm.specification.version" value="21"/>
    <property name="sun.java.launcher" value="SUN_STANDARD"/>
    <property name="user.country" value="US"/>
    <property name="sun.boot.library.path" value="C:\Users\7119\.p2\pool\plugins\org.eclipse.justj.openjdk.hotspot.jre.full.win32.x86_64_21.0.6.v20250130-0529\jre\bin"/>
    <property name="sun.java.command" value="C:\Users\7119\AppData\Local\Temp\surefire15093665235600144198\surefirebooter-20250819173354473_3.jar C:\Users\7119\AppData\Local\Temp\surefire15093665235600144198 2025-08-19T17-33-54_318-jvmRun1 surefire-20250819173354473_1tmp surefire_0-20250819173354473_2tmp"/>
    <property name="jdk.debug" value="release"/>
    <property name="surefire.test.class.path" value="C:\Users\7119\ETLWorkspace\RESTAPIPOC\target\test-classes;C:\Users\7119\ETLWorkspace\RESTAPIPOC\target\classes;C:\Users\7119\.m2\repository\junit\junit\3.8.1\junit-3.8.1.jar;C:\Users\7119\.m2\repository\io\rest-assured\rest-assured\5.5.5\rest-assured-5.5.5.jar;C:\Users\7119\.m2\repository\org\apache\groovy\groovy\4.0.22\groovy-4.0.22.jar;C:\Users\7119\.m2\repository\org\apache\groovy\groovy-xml\4.0.22\groovy-xml-4.0.22.jar;C:\Users\7119\.m2\repository\org\apache\httpcomponents\httpclient\4.5.13\httpclient-4.5.13.jar;C:\Users\7119\.m2\repository\org\apache\httpcomponents\httpcore\4.4.13\httpcore-4.4.13.jar;C:\Users\7119\.m2\repository\commons-logging\commons-logging\1.2\commons-logging-1.2.jar;C:\Users\7119\.m2\repository\commons-codec\commons-codec\1.11\commons-codec-1.11.jar;C:\Users\7119\.m2\repository\org\apache\httpcomponents\httpmime\4.5.13\httpmime-4.5.13.jar;C:\Users\7119\.m2\repository\org\hamcrest\hamcrest\2.2\hamcrest-2.2.jar;C:\Users\7119\.m2\repository\org\ccil\cowan\tagsoup\tagsoup\1.2.1\tagsoup-1.2.1.jar;C:\Users\7119\.m2\repository\io\rest-assured\json-path\5.5.5\json-path-5.5.5.jar;C:\Users\7119\.m2\repository\org\apache\groovy\groovy-json\4.0.22\groovy-json-4.0.22.jar;C:\Users\7119\.m2\repository\io\rest-assured\rest-assured-common\5.5.5\rest-assured-common-5.5.5.jar;C:\Users\7119\.m2\repository\io\rest-assured\xml-path\5.5.5\xml-path-5.5.5.jar;C:\Users\7119\.m2\repository\org\apache\commons\commons-lang3\3.16.0\commons-lang3-3.16.0.jar;C:\Users\7119\.m2\repository\com\aventstack\extentreports\5.1.1\extentreports-5.1.1.jar;C:\Users\7119\.m2\repository\io\reactivex\rxjava3\rxjava\3.1.6\rxjava-3.1.6.jar;C:\Users\7119\.m2\repository\org\reactivestreams\reactive-streams\1.0.4\reactive-streams-1.0.4.jar;C:\Users\7119\.m2\repository\org\freemarker\freemarker\2.3.32\freemarker-2.3.32.jar;C:\Users\7119\.m2\repository\org\projectlombok\lombok\1.18.26\lombok-1.18.26.jar;C:\Users\7119\.m2\repository\com\google\code\gson\gson\2.10.1\gson-2.10.1.jar;C:\Users\7119\.m2\repository\org\testng\testng\7.9.0\testng-7.9.0.jar;C:\Users\7119\.m2\repository\org\slf4j\slf4j-api\1.7.36\slf4j-api-1.7.36.jar;C:\Users\7119\.m2\repository\com\beust\jcommander\1.82\jcommander-1.82.jar;C:\Users\7119\.m2\repository\org\webjars\jquery\3.7.1\jquery-3.7.1.jar;C:\Users\7119\.m2\repository\org\json\json\20231013\json-20231013.jar;"/>
    <property name="sun.cpu.endian" value="little"/>
    <property name="user.home" value="C:\Users\7119"/>
    <property name="user.language" value="en"/>
    <property name="java.specification.vendor" value="Oracle Corporation"/>
    <property name="java.version.date" value="2025-01-21"/>
    <property name="java.home" value="C:\Users\7119\.p2\pool\plugins\org.eclipse.justj.openjdk.hotspot.jre.full.win32.x86_64_21.0.6.v20250130-0529\jre"/>
    <property name="file.separator" value="\"/>
    <property name="basedir" value="C:\Users\7119\ETLWorkspace\RESTAPIPOC"/>
    <property name="style.color" value="always"/>
    <property name="java.vm.compressedOopsMode" value="Zero based"/>
    <property name="line.separator" value="&#10;"/>
    <property name="java.vm.specification.vendor" value="Oracle Corporation"/>
    <property name="java.specification.name" value="Java Platform API Specification"/>
    <property name="surefire.real.class.path" value="C:\Users\7119\AppData\Local\Temp\surefire15093665235600144198\surefirebooter-20250819173354473_3.jar"/>
    <property name="user.script" value=""/>
    <property name="sun.management.compiler" value="HotSpot 64-Bit Tiered Compilers"/>
    <property name="java.runtime.version" value="21.0.6+7-LTS"/>
    <property name="user.name" value="7119"/>
    <property name="stdout.encoding" value="Cp1252"/>
    <property name="path.separator" value=";"/>
    <property name="os.version" value="10.0"/>
    <property name="java.runtime.name" value="OpenJDK Runtime Environment"/>
    <property name="file.encoding" value="UTF-8"/>
    <property name="java.vm.name" value="OpenJDK 64-Bit Server VM"/>
    <property name="java.vendor.version" value="Temurin-21.0.6+7"/>
    <property name="localRepository" value="C:\Users\7119\.m2\repository"/>
    <property name="java.vendor.url.bug" value="https://github.com/adoptium/adoptium-support/issues"/>
    <property name="java.io.tmpdir" value="C:\Users\7119\AppData\Local\Temp\"/>
    <property name="java.version" value="21.0.6"/>
    <property name="user.dir" value="C:\Users\7119\ETLWorkspace\RESTAPIPOC"/>
    <property name="ci" value="true"/>
    <property name="os.arch" value="amd64"/>
    <property name="java.vm.specification.name" value="Java Virtual Machine Specification"/>
    <property name="sun.os.patch.level" value=""/>
    <property name="native.encoding" value="Cp1252"/>
    <property name="java.library.path" value="C:\Users\7119\.p2\pool\plugins\org.eclipse.justj.openjdk.hotspot.jre.full.win32.x86_64_21.0.6.v20250130-0529\jre\bin;C:\WINDOWS\Sun\Java\bin;C:\WINDOWS\system32;C:\WINDOWS;C:/Users/7119/.p2/pool/plugins/org.eclipse.justj.openjdk.hotspot.jre.full.win32.x86_64_21.0.6.v20250130-0529/jre/bin/server;C:/Users/7119/.p2/pool/plugins/org.eclipse.justj.openjdk.hotspot.jre.full.win32.x86_64_21.0.6.v20250130-0529/jre/bin;C:\WINDOWS\system32;C:\WINDOWS;C:\WINDOWS\System32\Wbem;C:\WINDOWS\System32\WindowsPowerShell\v1.0\;C:\WINDOWS\System32\OpenSSH\;C:\Program Files\TortoiseGit\bin;C:\Program Files\nodejs\node_modules\npm;C:\Program Files\apache-maven-3.9.9\bin;C:\Program Files\Git\cmd;C:\Program Files\Java\jdk-24.0.2\bin;C:\Program Files\nodejs\;C:\Users\7119\AppData\Local\Programs\Python\Python312\Scripts\;C:\Users\7119\AppData\Local\Programs\Python\Python312\;C:\Users\7119\AppData\Local\Programs\Python\Launcher\;C:\Users\7119\\AppData\Local\Microsoft\WindowsApps;C:\BMGF Softwares\apache-maven-3.5.4\bin;C:\Users\7119\AppData\Local\Programs\Microsoft VS Code\bin;C:\Program Files\Java\jdk-23.0.2\bin;C:\Users\7119\OneDrive - Expleo France\Ansar Personal\Desktop;;."/>
    <property name="java.vm.info" value="mixed mode, sharing"/>
    <property name="stderr.encoding" value="Cp1252"/>
    <property name="java.vendor" value="Eclipse Adoptium"/>
    <property name="java.vm.version" value="21.0.6+7-LTS"/>
    <property name="sun.io.unicode.encoding" value="UnicodeLittle"/>
    <property name="java.class.version" value="65.0"/>
  </properties>
  <testcase name="healthCheck" classname="com.restapi.test.HealthTest" time="2.298">
    <system-out><![CDATA[C:\Users\7119\ETLWorkspace\RESTAPIPOC
Reporting Started
Request method:	GET
Request URI:	http://127.0.0.1:8000/health
Proxy:			<none>
Request params:	<none>
Query params:	<none>
Form params:	<none>
Path params:	<none>
Headers:		Accept=*/*
				Content-Type=application/json
Cookies:		<none>
Multiparts:		<none>
Body:			<none>
HTTP/1.1 200 OK
date: Tue, 19 Aug 2025 12:03:58 GMT
server: uvicorn
content-length: 15
content-type: application/json

{
    "status": "up"
}
]]></system-out>
    <system-err><![CDATA[SLF4J: Failed to load class "org.slf4j.impl.StaticLoggerBinder".
SLF4J: Defaulting to no-operation (NOP) logger implementation
SLF4J: See http://www.slf4j.org/codes.html#StaticLoggerBinder for further details.
]]></system-err>
  </testcase>
  <testcase name="signUpUser" classname="com.restapi.test.AccountsTest" time="0.527">
    <system-out><![CDATA[Reporting Started
Request method:	POST
Request URI:	http://127.0.0.1:8000/signup
Proxy:			<none>
Request params:	<none>
Query params:	<none>
Form params:	<none>
Path params:	<none>
Headers:		Accept=*/*
				Content-Type=application/json
Cookies:		<none>
Multiparts:		<none>
Body:
{
    "email": "0.9661824553449443ansarmohamed94@gmail.com",
    "password": "ansar@123"
}
HTTP/1.1 200 OK
date: Tue, 19 Aug 2025 12:04:00 GMT
server: uvicorn
content-length: 39
content-type: application/json

{
    "message": "User created successfully"
}
]]></system-out>
  </testcase>
  <testcase name="verifySignUpUserAndGenerateToken" classname="com.restapi.test.AccountsTest" time="0.489">
    <system-out><![CDATA[Reporting Started
Request method:	POST
Request URI:	http://127.0.0.1:8000/login
Proxy:			<none>
Request params:	<none>
Query params:	<none>
Form params:	<none>
Path params:	<none>
Headers:		Accept=*/*
				Content-Type=application/json
Cookies:		<none>
Multiparts:		<none>
Body:
{
    "email": "0.9661824553449443ansarmohamed94@gmail.com",
    "password": "ansar@123"
}
HTTP/1.1 200 OK
date: Tue, 19 Aug 2025 12:04:00 GMT
server: uvicorn
content-length: 214
content-type: application/json

{
    "access_token": "eyJ0eXAiOiJKV1QiLCJhbGciOiJIUzI1NiJ9.eyJzdWIiOiIwLjk2NjE4MjQ1NTM0NDk0NDNhbnNhcm1vaGFtZWQ5NEBnbWFpbC5jb20iLCJleHAiOjE3NTU2MDY4NDF9.a_Gopt3VKgWhtuZy8zfk_CVPpKKYZPY_-MIcD7iHN_I",
    "token_type": "bearer"
}
]]></system-out>
  </testcase>
  <testcase name="signUpwithExistingEmail" classname="com.restapi.test.AccountsTest" time="0.029">
    <system-out><![CDATA[Reporting Started
Request method:	POST
Request URI:	http://127.0.0.1:8000/signup
Proxy:			<none>
Request params:	<none>
Query params:	<none>
Form params:	<none>
Path params:	<none>
Headers:		Accept=*/*
				Content-Type=application/json
Cookies:		<none>
Multiparts:		<none>
Body:
{
    "email": "0.9661824553449443ansarmohamed94@gmail.com",
    "password": "ansar@123"
}
HTTP/1.1 400 Bad Request
date: Tue, 19 Aug 2025 12:04:00 GMT
server: uvicorn
content-length: 37
content-type: application/json

{
    "detail": "Email already registered"
}
]]></system-out>
  </testcase>
  <testcase name="loginWithIncorrectPassword" classname="com.restapi.test.AccountsTest" time="0.451">
    <system-out><![CDATA[Reporting Started
Request method:	POST
Request URI:	http://127.0.0.1:8000/login
Proxy:			<none>
Request params:	<none>
Query params:	<none>
Form params:	<none>
Path params:	<none>
Headers:		Accept=*/*
				Content-Type=application/json
Cookies:		<none>
Multiparts:		<none>
Body:
{
    "email": "0.9661824553449443ansarmohamed94@gmail.com",
    "password": "wrongPassword"
}
HTTP/1.1 400 Bad Request
date: Tue, 19 Aug 2025 12:04:00 GMT
server: uvicorn
content-length: 40
content-type: application/json

{
    "detail": "Incorrect email or password"
}
]]></system-out>
  </testcase>
  <testcase name="loginWithIncorrectEmail" classname="com.restapi.test.AccountsTest" time="0.048">
    <system-out><![CDATA[Reporting Started
Request method:	POST
Request URI:	http://127.0.0.1:8000/login
Proxy:			<none>
Request params:	<none>
Query params:	<none>
Form params:	<none>
Path params:	<none>
Headers:		Accept=*/*
				Content-Type=application/json
Cookies:		<none>
Multiparts:		<none>
Body:
{
    "email": "email",
    "password": "0.9661824553449443ansarmohamed94@gmail.com"
}
HTTP/1.1 400 Bad Request
date: Tue, 19 Aug 2025 12:04:00 GMT
server: uvicorn
content-length: 40
content-type: application/json

{
    "detail": "Incorrect email or password"
}
]]></system-out>
  </testcase>
  <testcase name="addBookWithInvalidTokenTest" classname="com.restapi.test.NegativeBookTest" time="0.032">
    <system-out><![CDATA[Reporting Started
Request method:	POST
Request URI:	http://127.0.0.1:8000/books/
Proxy:			<none>
Request params:	<none>
Query params:	<none>
Form params:	<none>
Path params:	<none>
Headers:		Authorization=Bearer invalid_token
				Accept=*/*
				Content-Type=application/json
Cookies:		<none>
Multiparts:		<none>
Body:
{
    "name": "Harry Potter and the Sorcerer's Stone",
    "author": ".K.Rowling",
    "published_year": 1997,
    "book_summary": "It introduces Harry Potter, an orphaned boy who discovers he's a wizard and is invited to attend Hogwarts School of Witchcraft and Wizardry."
}
HTTP/1.1 403 Forbidden
date: Tue, 19 Aug 2025 12:04:00 GMT
server: uvicorn
content-length: 43
content-type: application/json

{
    "detail": "Invalid token or expired token"
}
]]></system-out>
  </testcase>
  <testcase name="deleteBookWithInvalidTokenTest" classname="com.restapi.test.NegativeBookTest" time="0.034">
    <system-out><![CDATA[Reporting Started
Request method:	DELETE
Request URI:	http://127.0.0.1:8000/books/0
Proxy:			<none>
Request params:	<none>
Query params:	<none>
Form params:	<none>
Path params:	<none>
Headers:		Authorization=Bearer invalid_token
				Accept=*/*
				Content-Type=application/json
Cookies:		<none>
Multiparts:		<none>
Body:			<none>
HTTP/1.1 403 Forbidden
date: Tue, 19 Aug 2025 12:04:00 GMT
server: uvicorn
content-length: 43
content-type: application/json

{
    "detail": "Invalid token or expired token"
}
]]></system-out>
  </testcase>
  <testcase name="updateBookWithInvalidTokenTest" classname="com.restapi.test.NegativeBookTest" time="0.035">
    <system-out><![CDATA[Reporting Started
Request method:	PUT
Request URI:	http://127.0.0.1:8000/books/0
Proxy:			<none>
Request params:	<none>
Query params:	<none>
Form params:	<none>
Path params:	<none>
Headers:		Authorization=Bearer invalid_token
				Accept=*/*
				Content-Type=application/json
Cookies:		<none>
Multiparts:		<none>
Body:
{
    "name": "The Silent Patient Updated",
    "author": "Alex Michaelides",
    "published_year": 2019,
    "book_summary": "A psychological thriller about a woman who stops speaking after committing a violent crime."
}
HTTP/1.1 403 Forbidden
date: Tue, 19 Aug 2025 12:04:00 GMT
server: uvicorn
content-length: 43
content-type: application/json

{
    "detail": "Invalid token or expired token"
}
]]></system-out>
  </testcase>
  <testcase name="getAllBookWithInvalidTokenTest" classname="com.restapi.test.NegativeBookTest" time="0.035">
    <system-out><![CDATA[Reporting Started
Request method:	GET
Request URI:	http://127.0.0.1:8000/books/
Proxy:			<none>
Request params:	<none>
Query params:	<none>
Form params:	<none>
Path params:	<none>
Headers:		Authorization=Bearer invalid_token
				Accept=*/*
				Content-Type=application/json
Cookies:		<none>
Multiparts:		<none>
Body:			<none>
HTTP/1.1 403 Forbidden
date: Tue, 19 Aug 2025 12:04:00 GMT
server: uvicorn
content-length: 43
content-type: application/json

{
    "detail": "Invalid token or expired token"
}
]]></system-out>
  </testcase>
  <testcase name="getBookWithNonExistantIdTest" classname="com.restapi.test.NegativeBookTest" time="0.034">
    <system-out><![CDATA[Reporting Started
Request method:	GET
Request URI:	http://127.0.0.1:8000/books/89999
Proxy:			<none>
Request params:	<none>
Query params:	<none>
Form params:	<none>
Path params:	<none>
Headers:		Authorization=Bearer eyJ0eXAiOiJKV1QiLCJhbGciOiJIUzI1NiJ9.eyJzdWIiOiIwLjk2NjE4MjQ1NTM0NDk0NDNhbnNhcm1vaGFtZWQ5NEBnbWFpbC5jb20iLCJleHAiOjE3NTU2MDY4NDF9.a_Gopt3VKgWhtuZy8zfk_CVPpKKYZPY_-MIcD7iHN_I
				Accept=*/*
				Content-Type=application/json
Cookies:		<none>
Multiparts:		<none>
Body:			<none>
HTTP/1.1 404 Not Found
date: Tue, 19 Aug 2025 12:04:00 GMT
server: uvicorn
content-length: 27
content-type: application/json

{
    "detail": "Book not found"
}
]]></system-out>
  </testcase>
  <testcase name="getBookWithInvalidIdTest" classname="com.restapi.test.NegativeBookTest" time="0.087">
    <system-out><![CDATA[Reporting Started
Request method:	GET
Request URI:	http://127.0.0.1:8000/books/inalid_id
Proxy:			<none>
Request params:	<none>
Query params:	<none>
Form params:	<none>
Path params:	<none>
Headers:		Authorization=Bearer eyJ0eXAiOiJKV1QiLCJhbGciOiJIUzI1NiJ9.eyJzdWIiOiIwLjk2NjE4MjQ1NTM0NDk0NDNhbnNhcm1vaGFtZWQ5NEBnbWFpbC5jb20iLCJleHAiOjE3NTU2MDY4NDF9.a_Gopt3VKgWhtuZy8zfk_CVPpKKYZPY_-MIcD7iHN_I
				Accept=*/*
				Content-Type=application/json
Cookies:		<none>
Multiparts:		<none>
Body:			<none>
HTTP/1.1 422 Unprocessable Entity
date: Tue, 19 Aug 2025 12:04:00 GMT
server: uvicorn
content-length: 158
content-type: application/json

{
    "detail": [
        {
            "type": "int_parsing",
            "loc": [
                "path",
                "book_id"
            ],
            "msg": "Input should be a valid integer, unable to parse string as an integer",
            "input": "inalid_id"
        }
    ]
}
]]></system-out>
  </testcase>
  <testcase name="addBooksTest" classname="com.restapi.test.BookTest" time="0.044">
    <system-out><![CDATA[Reporting Started
Request method:	POST
Request URI:	http://127.0.0.1:8000/books/
Proxy:			<none>
Request params:	<none>
Query params:	<none>
Form params:	<none>
Path params:	<none>
Headers:		Authorization=Bearer eyJ0eXAiOiJKV1QiLCJhbGciOiJIUzI1NiJ9.eyJzdWIiOiIwLjk2NjE4MjQ1NTM0NDk0NDNhbnNhcm1vaGFtZWQ5NEBnbWFpbC5jb20iLCJleHAiOjE3NTU2MDY4NDF9.a_Gopt3VKgWhtuZy8zfk_CVPpKKYZPY_-MIcD7iHN_I
				Accept=*/*
				Content-Type=application/json
Cookies:		<none>
Multiparts:		<none>
Body:
{
    "name": "Harry Potter and the Sorcerer's Stone",
    "author": ".K.Rowling",
    "published_year": 1997,
    "book_summary": "It introduces Harry Potter, an orphaned boy who discovers he's a wizard and is invited to attend Hogwarts School of Witchcraft and Wizardry."
}
HTTP/1.1 200 OK
date: Tue, 19 Aug 2025 12:04:00 GMT
server: uvicorn
content-length: 257
content-type: application/json

{
    "book_summary": "It introduces Harry Potter, an orphaned boy who discovers he's a wizard and is invited to attend Hogwarts School of Witchcraft and Wizardry.",
    "id": 1,
    "name": "Harry Potter and the Sorcerer's Stone",
    "published_year": 1997,
    "author": ".K.Rowling"
}
]]></system-out>
  </testcase>
  <testcase name="getBookByIdTest" classname="com.restapi.test.BookTest" time="0.03">
    <system-out><![CDATA[Reporting Started
Request method:	GET
Request URI:	http://127.0.0.1:8000/books/1
Proxy:			<none>
Request params:	<none>
Query params:	<none>
Form params:	<none>
Path params:	<none>
Headers:		Authorization=Bearer eyJ0eXAiOiJKV1QiLCJhbGciOiJIUzI1NiJ9.eyJzdWIiOiIwLjk2NjE4MjQ1NTM0NDk0NDNhbnNhcm1vaGFtZWQ5NEBnbWFpbC5jb20iLCJleHAiOjE3NTU2MDY4NDF9.a_Gopt3VKgWhtuZy8zfk_CVPpKKYZPY_-MIcD7iHN_I
				Accept=*/*
				Content-Type=application/json
Cookies:		<none>
Multiparts:		<none>
Body:			<none>
HTTP/1.1 200 OK
date: Tue, 19 Aug 2025 12:04:00 GMT
server: uvicorn
content-length: 257
content-type: application/json

{
    "book_summary": "It introduces Harry Potter, an orphaned boy who discovers he's a wizard and is invited to attend Hogwarts School of Witchcraft and Wizardry.",
    "id": 1,
    "name": "Harry Potter and the Sorcerer's Stone",
    "published_year": 1997,
    "author": ".K.Rowling"
}
]]></system-out>
  </testcase>
  <testcase name="updateBookByIdTest" classname="com.restapi.test.BookTest" time="0.056">
    <failure message="Book name should match after update expected [Harry Potter and the Sorcerer&apos;s Stone chapter -1 Updated] but found [Harry Potter and the Sorcerer&apos;s Stone]" type="java.lang.AssertionError"><![CDATA[java.lang.AssertionError: Book name should match after update expected [Harry Potter and the Sorcerer's Stone chapter -1 Updated] but found [Harry Potter and the Sorcerer's Stone]
	at org.testng.Assert.fail(Assert.java:111)
	at org.testng.Assert.failNotEquals(Assert.java:1578)
	at org.testng.Assert.assertEqualsImpl(Assert.java:150)
	at org.testng.Assert.assertEquals(Assert.java:132)
	at org.testng.Assert.assertEquals(Assert.java:656)
	at com.restapi.test.BookTest.updateBookByIdTest(BookTest.java:67)
	at java.base/jdk.internal.reflect.DirectMethodHandleAccessor.invoke(DirectMethodHandleAccessor.java:103)
	at java.base/java.lang.reflect.Method.invoke(Method.java:580)
	at org.testng.internal.invokers.MethodInvocationHelper.invokeMethod(MethodInvocationHelper.java:139)
	at org.testng.internal.invokers.TestInvoker.invokeMethod(TestInvoker.java:664)
	at org.testng.internal.invokers.TestInvoker.invokeTestMethod(TestInvoker.java:228)
	at org.testng.internal.invokers.MethodRunner.runInSequence(MethodRunner.java:63)
	at org.testng.internal.invokers.TestInvoker$MethodInvocationAgent.invoke(TestInvoker.java:961)
	at org.testng.internal.invokers.TestInvoker.invokeTestMethods(TestInvoker.java:201)
	at org.testng.internal.invokers.TestMethodWorker.invokeTestMethods(TestMethodWorker.java:148)
	at org.testng.internal.invokers.TestMethodWorker.run(TestMethodWorker.java:128)
	at java.base/java.util.ArrayList.forEach(ArrayList.java:1596)
	at org.testng.TestRunner.privateRun(TestRunner.java:819)
	at org.testng.TestRunner.run(TestRunner.java:619)
	at org.testng.SuiteRunner.runTest(SuiteRunner.java:443)
	at org.testng.SuiteRunner.runSequentially(SuiteRunner.java:437)
	at org.testng.SuiteRunner.privateRun(SuiteRunner.java:397)
	at org.testng.SuiteRunner.run(SuiteRunner.java:336)
	at org.testng.SuiteRunnerWorker.runSuite(SuiteRunnerWorker.java:52)
	at org.testng.SuiteRunnerWorker.run(SuiteRunnerWorker.java:95)
	at org.testng.TestNG.runSuitesSequentially(TestNG.java:1301)
	at org.testng.TestNG.runSuitesLocally(TestNG.java:1228)
	at org.testng.TestNG.runSuites(TestNG.java:1134)
	at org.testng.TestNG.run(TestNG.java:1101)
	at org.apache.maven.surefire.testng.TestNGExecutor.run(TestNGExecutor.java:308)
	at org.apache.maven.surefire.testng.TestNGXmlTestSuite.execute(TestNGXmlTestSuite.java:71)
	at org.apache.maven.surefire.testng.TestNGProvider.invoke(TestNGProvider.java:113)
	at org.apache.maven.surefire.booter.ForkedBooter.runSuitesInProcess(ForkedBooter.java:385)
	at org.apache.maven.surefire.booter.ForkedBooter.execute(ForkedBooter.java:162)
	at org.apache.maven.surefire.booter.ForkedBooter.run(ForkedBooter.java:507)
	at org.apache.maven.surefire.booter.ForkedBooter.main(ForkedBooter.java:495)
]]></failure>
    <system-out><![CDATA[Reporting Started
Request method:	PUT
Request URI:	http://127.0.0.1:8000/books/1
Proxy:			<none>
Request params:	<none>
Query params:	<none>
Form params:	<none>
Path params:	<none>
Headers:		Authorization=Bearer eyJ0eXAiOiJKV1QiLCJhbGciOiJIUzI1NiJ9.eyJzdWIiOiIwLjk2NjE4MjQ1NTM0NDk0NDNhbnNhcm1vaGFtZWQ5NEBnbWFpbC5jb20iLCJleHAiOjE3NTU2MDY4NDF9.a_Gopt3VKgWhtuZy8zfk_CVPpKKYZPY_-MIcD7iHN_I
				Accept=*/*
				Content-Type=application/json
Cookies:		<none>
Multiparts:		<none>
Body:
{
    "name": "Harry Potter and the Sorcerer's Stone",
    "author": ".K.Rowling",
    "published_year": 1997,
    "book_summary": "It introduces Harry Potter, an orphaned boy who discovers he's a wizard and is invited to attend Hogwarts School of Witchcraft and Wizardry."
}
HTTP/1.1 200 OK
date: Tue, 19 Aug 2025 12:04:00 GMT
server: uvicorn
content-length: 257
content-type: application/json

{
    "book_summary": "It introduces Harry Potter, an orphaned boy who discovers he's a wizard and is invited to attend Hogwarts School of Witchcraft and Wizardry.",
    "id": 1,
    "name": "Harry Potter and the Sorcerer's Stone",
    "published_year": 1997,
    "author": ".K.Rowling"
}
]]></system-out>
  </testcase>
  <testcase name="getAllBooks" classname="com.restapi.test.BookTest" time="0.037">
    <system-out><![CDATA[Reporting Started
Request method:	GET
Request URI:	http://127.0.0.1:8000/books/
Proxy:			<none>
Request params:	<none>
Query params:	<none>
Form params:	<none>
Path params:	<none>
Headers:		Authorization=Bearer eyJ0eXAiOiJKV1QiLCJhbGciOiJIUzI1NiJ9.eyJzdWIiOiIwLjk2NjE4MjQ1NTM0NDk0NDNhbnNhcm1vaGFtZWQ5NEBnbWFpbC5jb20iLCJleHAiOjE3NTU2MDY4NDF9.a_Gopt3VKgWhtuZy8zfk_CVPpKKYZPY_-MIcD7iHN_I
				Accept=*/*
				Content-Type=application/json
Cookies:		<none>
Multiparts:		<none>
Body:			<none>
HTTP/1.1 200 OK
date: Tue, 19 Aug 2025 12:04:00 GMT
server: uvicorn
content-length: 259
content-type: application/json

[
    {
        "book_summary": "It introduces Harry Potter, an orphaned boy who discovers he's a wizard and is invited to attend Hogwarts School of Witchcraft and Wizardry.",
        "id": 1,
        "name": "Harry Potter and the Sorcerer's Stone",
        "published_year": 1997,
        "author": ".K.Rowling"
    }
]
]]></system-out>
  </testcase>
  <testcase name="deleteBookByIdTest" classname="com.restapi.test.BookTest" time="0.05">
    <system-out><![CDATA[Reporting Started
Request method:	DELETE
Request URI:	http://127.0.0.1:8000/books/1
Proxy:			<none>
Request params:	<none>
Query params:	<none>
Form params:	<none>
Path params:	<none>
Headers:		Authorization=Bearer eyJ0eXAiOiJKV1QiLCJhbGciOiJIUzI1NiJ9.eyJzdWIiOiIwLjk2NjE4MjQ1NTM0NDk0NDNhbnNhcm1vaGFtZWQ5NEBnbWFpbC5jb20iLCJleHAiOjE3NTU2MDY4NDF9.a_Gopt3VKgWhtuZy8zfk_CVPpKKYZPY_-MIcD7iHN_I
				Accept=*/*
				Content-Type=application/json
Cookies:		<none>
Multiparts:		<none>
Body:			<none>
HTTP/1.1 200 OK
date: Tue, 19 Aug 2025 12:04:00 GMT
server: uvicorn
content-length: 39
content-type: application/json

{
    "message": "Book deleted successfully"
}
]]></system-out>
  </testcase>
</testsuite>