<?xml version="1.0" encoding="UTF-8"?>
<!-- Generated by org.testng.reporters.JUnitReportReporter -->
<testsuite hostname="ESLLAP-4154" failures="0" tests="5" name="com.restapi.test.BookTest" time="0.257" errors="0" timestamp="2025-08-24T17:17:50 IST" skipped="0">
  <testcase classname="com.restapi.test.BookTest" name="addBooksTest" time="0.050"/>
  <testcase classname="com.restapi.test.BookTest" name="getBookByIdTest" time="0.045"/>
  <testcase classname="com.restapi.test.BookTest" name="updateBookByIdTest" time="0.075"/>
  <testcase classname="com.restapi.test.BookTest" name="getAllBooks" time="0.038"/>
  <testcase classname="com.restapi.test.BookTest" name="deleteBookByIdTest" time="0.049"/>
</testsuite> <!-- com.restapi.test.BookTest -->
