<?xml version="1.0" encoding="UTF-8"?>
<!-- Generated by org.testng.reporters.JUnitReportReporter -->
<testsuite hostname="ESLLAP-4154" failures="0" tests="6" name="com.restapi.test.NegativeBookTest" time="0.290" errors="0" timestamp="2025-08-24T17:17:50 IST" skipped="0">
  <testcase classname="com.restapi.test.NegativeBookTest" name="deleteBookWithInvalidTokenTest" time="0.034"/>
  <testcase classname="com.restapi.test.NegativeBookTest" name="getBookWithNonExistantIdTest" time="0.050"/>
  <testcase classname="com.restapi.test.NegativeBookTest" name="addBookWithInvalidTokenTest" time="0.031"/>
  <testcase classname="com.restapi.test.NegativeBookTest" name="updateBookWithInvalidTokenTest" time="0.041"/>
  <testcase classname="com.restapi.test.NegativeBookTest" name="getAllBookWithInvalidTokenTest" time="0.040"/>
  <testcase classname="com.restapi.test.NegativeBookTest" name="getBookWithInvalidIdTest" time="0.094"/>
</testsuite> <!-- com.restapi.test.NegativeBookTest -->
