<?xml version="1.0" encoding="UTF-8"?>
<!-- Generated by org.testng.reporters.JUnitReportReporter -->
<testsuite hostname="ESLLAP-4154" failures="0" tests="1" name="com.restapi.test.HealthTest" time="1.714" errors="0" timestamp="2025-08-24T17:17:50 IST" skipped="0">
  <testcase classname="com.restapi.test.HealthTest" name="healthCheck" time="1.714"/>
</testsuite> <!-- com.restapi.test.HealthTest -->
