<?xml version="1.0" encoding="UTF-8"?>
<!-- Generated by org.testng.reporters.JUnitReportReporter -->
<testsuite hostname="ESLLAP-4154" failures="0" tests="6" name="com.restapi.test.NegativeBookTest" time="0.249" errors="0" timestamp="2025-08-19T17:34:03 IST" skipped="0">
  <testcase classname="com.restapi.test.NegativeBookTest" name="deleteBookWithInvalidTokenTest" time="0.029"/>
  <testcase classname="com.restapi.test.NegativeBookTest" name="updateBookWithInvalidTokenTest" time="0.038"/>
  <testcase classname="com.restapi.test.NegativeBookTest" name="addBookWithInvalidTokenTest" time="0.030"/>
  <testcase classname="com.restapi.test.NegativeBookTest" name="getBookWithNonExistantIdTest" time="0.035"/>
  <testcase classname="com.restapi.test.NegativeBookTest" name="getAllBookWithInvalidTokenTest" time="0.031"/>
  <testcase classname="com.restapi.test.NegativeBookTest" name="getBookWithInvalidIdTest" time="0.086"/>
</testsuite> <!-- com.restapi.test.NegativeBookTest -->
