<?xml version="1.0" encoding="UTF-8"?>
<!-- Generated by org.testng.reporters.JUnitReportReporter -->
<testsuite hostname="ESLLAP-4154" failures="0" tests="1" name="com.restapi.test.HealthTest" time="2.289" errors="0" timestamp="2025-08-19T17:34:03 IST" skipped="0">
  <testcase classname="com.restapi.test.HealthTest" name="healthCheck" time="2.289"/>
</testsuite> <!-- com.restapi.test.HealthTest -->
