<?xml version="1.0" encoding="UTF-8"?>
<!-- Generated by org.testng.reporters.JUnitReportReporter -->
<testsuite hostname="ESLLAP-4154" failures="0" tests="5" name="com.restapi.test.AccountsTest" time="1.544" errors="0" timestamp="2025-08-19T17:34:03 IST" skipped="0">
  <testcase classname="com.restapi.test.AccountsTest" name="signUpUser" time="0.527"/>
  <testcase classname="com.restapi.test.AccountsTest" name="verifySignUpUserAndGenerateToken" time="0.489"/>
  <testcase classname="com.restapi.test.AccountsTest" name="signUpwithExistingEmail" time="0.027"/>
  <testcase classname="com.restapi.test.AccountsTest" name="loginWithIncorrectPassword" time="0.451"/>
  <testcase classname="com.restapi.test.AccountsTest" name="loginWithIncorrectEmail" time="0.050"/>
</testsuite> <!-- com.restapi.test.AccountsTest -->
